launcher/build/intermediates/manifest_merge_blame_file/debug/manifest-merger-blame-debug-report.txt
1<?xml version="1.0" encoding="utf-8"?>
2<!-- GENERATED BY UNITY. REMOVE THIS COMMENT TO PREVENT OVERWRITING WHEN EXPORTING AGAIN -->
3<manifest xmlns:android="http://schemas.android.com/apk/res/android"
4    package="com.DefaultCompany.GMNGMaster"
5    android:installLocation="preferExternal"
6    android:versionCode="1"
7    android:versionName="0.1" >
8
9    <uses-sdk
10        android:minSdkVersion="19"
10-->src/main/AndroidManifest.xml
11        android:targetSdkVersion="29" />
11-->src/main/AndroidManifest.xml
12
13    <supports-screens
13-->src/main/AndroidManifest.xml:4:3-163
14        android:anyDensity="true"
14-->src/main/AndroidManifest.xml:4:135-160
15        android:largeScreens="true"
15-->src/main/AndroidManifest.xml:4:78-105
16        android:normalScreens="true"
16-->src/main/AndroidManifest.xml:4:49-77
17        android:smallScreens="true"
17-->src/main/AndroidManifest.xml:4:21-48
18        android:xlargeScreens="true" />
18-->src/main/AndroidManifest.xml:4:106-134
19
20    <uses-feature android:glEsVersion="0x00030000" />
20-->[:unityLibrary] AndroidManifest.xml:13:5-54
20-->[:unityLibrary] AndroidManifest.xml:13:19-51
21    <uses-feature
21-->[:unityLibrary] AndroidManifest.xml:14:5-16:36
22        android:name="android.hardware.vulkan.version"
22-->[:unityLibrary] AndroidManifest.xml:15:9-55
23        android:required="false" />
23-->[:unityLibrary] AndroidManifest.xml:16:9-33
24    <uses-feature
24-->[:unityLibrary] AndroidManifest.xml:17:5-19:36
25        android:name="android.hardware.touchscreen"
25-->[:unityLibrary] AndroidManifest.xml:18:9-52
26        android:required="false" />
26-->[:unityLibrary] AndroidManifest.xml:19:9-33
27    <uses-feature
27-->[:unityLibrary] AndroidManifest.xml:20:5-22:36
28        android:name="android.hardware.touchscreen.multitouch"
28-->[:unityLibrary] AndroidManifest.xml:21:9-63
29        android:required="false" />
29-->[:unityLibrary] AndroidManifest.xml:22:9-33
30    <uses-feature
30-->[:unityLibrary] AndroidManifest.xml:23:5-25:36
31        android:name="android.hardware.touchscreen.multitouch.distinct"
31-->[:unityLibrary] AndroidManifest.xml:24:9-72
32        android:required="false" />
32-->[:unityLibrary] AndroidManifest.xml:25:9-33
33
34    <application
34-->src/main/AndroidManifest.xml:5:3-83
35        android:debuggable="true"
36        android:icon="@mipmap/app_icon"
36-->src/main/AndroidManifest.xml:5:49-80
37        android:label="@string/app_name"
37-->src/main/AndroidManifest.xml:5:16-48
38        android:testOnly="true" >
39        <activity
39-->[:unityLibrary] AndroidManifest.xml:28:9-47:20
40            android:name="com.unity3d.player.UnityPlayerActivity"
40-->[:unityLibrary] AndroidManifest.xml:29:13-66
41            android:configChanges="mcc|mnc|locale|touchscreen|keyboard|keyboardHidden|navigation|orientation|screenLayout|uiMode|screenSize|smallestScreenSize|fontScale|layoutDirection|density"
41-->[:unityLibrary] AndroidManifest.xml:30:13-194
42            android:hardwareAccelerated="false"
42-->[:unityLibrary] AndroidManifest.xml:31:13-48
43            android:launchMode="singleTask"
43-->[:unityLibrary] AndroidManifest.xml:32:13-44
44            android:screenOrientation="fullSensor"
44-->[:unityLibrary] AndroidManifest.xml:33:13-51
45            android:theme="@style/UnityThemeSelector" >
45-->[:unityLibrary] AndroidManifest.xml:34:13-54
46            <intent-filter>
46-->[:unityLibrary] AndroidManifest.xml:35:13-39:29
47                <action android:name="android.intent.action.MAIN" />
47-->[:unityLibrary] AndroidManifest.xml:36:17-69
47-->[:unityLibrary] AndroidManifest.xml:36:25-66
48
49                <category android:name="android.intent.category.LAUNCHER" />
49-->[:unityLibrary] AndroidManifest.xml:38:17-77
49-->[:unityLibrary] AndroidManifest.xml:38:27-74
50            </intent-filter>
51
52            <meta-data
52-->[:unityLibrary] AndroidManifest.xml:41:13-43:40
53                android:name="unityplayer.UnityActivity"
53-->[:unityLibrary] AndroidManifest.xml:42:17-57
54                android:value="true" />
54-->[:unityLibrary] AndroidManifest.xml:43:17-37
55            <meta-data
55-->[:unityLibrary] AndroidManifest.xml:44:13-46:40
56                android:name="android.notch_support"
56-->[:unityLibrary] AndroidManifest.xml:45:17-53
57                android:value="true" />
57-->[:unityLibrary] AndroidManifest.xml:46:17-37
58        </activity>
59
60        <meta-data
60-->[:unityLibrary] AndroidManifest.xml:49:9-51:33
61            android:name="unity.splash-mode"
61-->[:unityLibrary] AndroidManifest.xml:50:13-45
62            android:value="0" />
62-->[:unityLibrary] AndroidManifest.xml:51:13-30
63        <meta-data
63-->[:unityLibrary] AndroidManifest.xml:52:9-54:36
64            android:name="unity.splash-enable"
64-->[:unityLibrary] AndroidManifest.xml:53:13-47
65            android:value="True" />
65-->[:unityLibrary] AndroidManifest.xml:54:13-33
66        <meta-data
66-->[:unityLibrary] AndroidManifest.xml:55:9-57:50
67            android:name="notch.config"
67-->[:unityLibrary] AndroidManifest.xml:56:13-40
68            android:value="portrait|landscape" />
68-->[:unityLibrary] AndroidManifest.xml:57:13-47
69        <meta-data
69-->[:unityLibrary] AndroidManifest.xml:58:9-60:68
70            android:name="unity.build-id"
70-->[:unityLibrary] AndroidManifest.xml:59:13-42
71            android:value="885e0111-d70b-4c73-9778-4dd1dc52233f" />
71-->[:unityLibrary] AndroidManifest.xml:60:13-65
72    </application>
73
74</manifest>